bill_analysis_tbl	count(*)
bill_analysis_tbl	60948
bill_detail_vote_tbl	count(*)
bill_detail_vote_tbl	1643239
bill_history_tbl	count(*)
bill_history_tbl	247059
bill_motion_tbl	count(*)
bill_motion_tbl	70929
bill_summary_vote_tbl	count(*)
bill_summary_vote_tbl	54641
bill_tbl	count(*)
bill_tbl	14750
bill_version_authors_tbl	count(*)
bill_version_authors_tbl	247781
bill_version_tbl	count(*)
bill_version_tbl	57214
codes_tbl	count(*)
codes_tbl	30
committee_agenda_tbl	count(*)
committee_agenda_tbl	5693
committee_hearing_tbl	count(*)
committee_hearing_tbl	36685
daily_file_tbl	count(*)
daily_file_tbl	169400
law_section_tbl	count(*)
law_section_tbl	148897
law_toc_sections_tbl	count(*)
law_toc_sections_tbl	148897
law_toc_tbl	count(*)
law_toc_tbl	22384
legislator_tbl	count(*)
legislator_tbl	375
location_code_tbl	count(*)
location_code_tbl	580
veto_message_tbl	count(*)
veto_message_tbl	793
